<?xml version="1.0" encoding="UTF-8"?>
<testsuite name="org.apache.sling.launchpad.webapp.integrationtest.servlets.post.PostServletVersionableTest" time="4.437" tests="25" errors="0" skipped="0" failures="0">
  <properties>
[...]
</properties>
  <testcase name="testCheckingOutAnAlreadyCheckedOutNodeIsANoOp" classname="org.apache.sling.launchpad.webapp.integrationtest.servlets.post.PostServletVersionableTest" time="0.047"/>
  <testcase name="testModifyingACheckedInNodeFailsWithoutAutoCheckout" classname="org.apache.sling.launchpad.webapp.integrationtest.servlets.post.PostServletVersionableTest" time="0.09"/>
  <testcase name="testCopyingANodeToACheckedInNodeByOp" classname="org.apache.sling.launchpad.webapp.integrationtest.servlets.post.PostServletVersionableTest" time="0.396"/>
  <testcase name="testDeletingChildNodeOfACheckedInNodeByOp" classname="org.apache.sling.launchpad.webapp.integrationtest.servlets.post.PostServletVersionableTest" time="0.187"/>
  <testcase name="testPostPathIsUnique" classname="org.apache.sling.launchpad.webapp.integrationtest.servlets.post.PostServletVersionableTest" time="0.006"/>
  <testcase name="testDeletingAPropertyOfACheckedInNode" classname="org.apache.sling.launchpad.webapp.integrationtest.servlets.post.PostServletVersionableTest" time="0.162"/>
  <testcase name="testDeletingChildNodeOfACheckedInNode" classname="org.apache.sling.launchpad.webapp.integrationtest.servlets.post.PostServletVersionableTest" time="0.163"/>
  <testcase name="testModifyingACheckedOutNodeDoesntCheckItIn" classname="org.apache.sling.launchpad.webapp.integrationtest.servlets.post.PostServletVersionableTest" time="0.074"/>
  <testcase name="testCheckingInACheckOutNode" classname="org.apache.sling.launchpad.webapp.integrationtest.servlets.post.PostServletVersionableTest" time="0.12"/>
  <testcase name="testModifiedNodeIsCheckedInAfterModification" classname="org.apache.sling.launchpad.webapp.integrationtest.servlets.post.PostServletVersionableTest" time="0.165"/>
  <testcase name="testCheckingInAnAlreadyCheckedInNodeIsANoOp" classname="org.apache.sling.launchpad.webapp.integrationtest.servlets.post.PostServletVersionableTest" time="0.087"/>
  <testcase name="testMovingAPropertyOfACheckedInNodeToACheckedInNode" classname="org.apache.sling.launchpad.webapp.integrationtest.servlets.post.PostServletVersionableTest" time="0.363"/>
  <testcase name="testCopyingAPropertyToACheckedInNode" classname="org.apache.sling.launchpad.webapp.integrationtest.servlets.post.PostServletVersionableTest" time="0.252"/>
  <testcase name="testMovingAChildNodeOfACheckedInNodeToACheckedInNodeByOp" classname="org.apache.sling.launchpad.webapp.integrationtest.servlets.post.PostServletVersionableTest" time="0.382"/>
  <testcase name="testCreatedNodeIsCheckedOut" classname="org.apache.sling.launchpad.webapp.integrationtest.servlets.post.PostServletVersionableTest" time="0.049"/>
  <testcase name="testMovingAChildNodeOfACheckedInNodeToANewVersionableNode" classname="org.apache.sling.launchpad.webapp.integrationtest.servlets.post.PostServletVersionableTest" time="0.333"/>
  <testcase name="testCreatedNodeIsCheckedInIfRequested" classname="org.apache.sling.launchpad.webapp.integrationtest.servlets.post.PostServletVersionableTest" time="0.089"/>
  <testcase name="testAddingVersionableMixInChecksInIfRequested" classname="org.apache.sling.launchpad.webapp.integrationtest.servlets.post.PostServletVersionableTest" time="0.106"/>
  <testcase name="testCheckingOutACheckedInNode" classname="org.apache.sling.launchpad.webapp.integrationtest.servlets.post.PostServletVersionableTest" time="0.123"/>
  <testcase name="testCopyingANodeToACheckedInNode" classname="org.apache.sling.launchpad.webapp.integrationtest.servlets.post.PostServletVersionableTest" time="0.345"/>
  <testcase name="testMovingAChildNodeOfACheckedInNodeToACheckedInNode" classname="org.apache.sling.launchpad.webapp.integrationtest.servlets.post.PostServletVersionableTest" time="0.38"/>
  <testcase name="testModifiedNodeIsCheckedOutIfRequested" classname="org.apache.sling.launchpad.webapp.integrationtest.servlets.post.PostServletVersionableTest" time="0.134"/>
  <testcase name="testDeletingAPropertyOfACheckedInNodeFailsWithoutAutoCheckout" classname="org.apache.sling.launchpad.webapp.integrationtest.servlets.post.PostServletVersionableTest" time="0.095"/>
  <testcase name="testMovingAPropertyOfACheckedInNodeToANewVersionableNode" classname="org.apache.sling.launchpad.webapp.integrationtest.servlets.post.PostServletVersionableTest" time="0.221"/>
  <testcase name="testAddingVersionableMixInChecksOut" classname="org.apache.sling.launchpad.webapp.integrationtest.servlets.post.PostServletVersionableTest" time="0.068"/>
</testsuite>